This file contains any messages produced by compilers while
running configure, to aid debugging if configure makes a mistake.

It was created by i2pouiservice configure 1.0, which was
generated by GNU Autoconf 2.69.  Invocation command line was

  $ ./configure --no-create --no-recursion

## --------- ##
## Platform. ##
## --------- ##

hostname = willie
uname -m = x86_64
uname -r = 4.13.7-1-ARCH
uname -s = Linux
uname -v = #1 SMP PREEMPT Sat Oct 14 20:13:26 CEST 2017

/usr/bin/uname -p = unknown
/bin/uname -X     = unknown

/bin/arch              = unknown
/usr/bin/arch -k       = unknown
/usr/convex/getsysinfo = unknown
/usr/bin/hostinfo      = unknown
/bin/machine           = unknown
/usr/bin/oslevel       = unknown
/bin/universe          = unknown

PATH: /home/klaymen/local/bin
PATH: /home/klaymen/sage
PATH: /home/klaymen/local/bin
PATH: /home/klaymen/sage
PATH: /usr/local/bin
PATH: /bin
PATH: /usr/bin
PATH: /usr/local/sbin
PATH: /usr/sbin
PATH: /sbin
PATH: /usr/local/sbin
PATH: /usr/local/bin
PATH: /usr/bin
PATH: /opt/adobe-air-sdk/bin
PATH: /opt/android-sdk/emulator
PATH: /opt/android-sdk/platform-tools
PATH: /opt/android-sdk/tools
PATH: /opt/android-sdk/tools/bin
PATH: /usr/lib/jvm/default/bin
PATH: /usr/bin/site_perl
PATH: /usr/bin/vendor_perl
PATH: /usr/bin/core_perl/usr/lib/go/bin/usr/lib/go/bin


## ----------- ##
## Core tests. ##
## ----------- ##

configure:2241: checking for a BSD-compatible install
configure:2309: result: /bin/install -c
configure:2320: checking whether build environment is sane
configure:2375: result: yes
configure:2526: checking for a thread-safe mkdir -p
configure:2565: result: /bin/mkdir -p
configure:2572: checking for gawk
configure:2588: found /bin/gawk
configure:2599: result: gawk
configure:2610: checking whether make sets $(MAKE)
configure:2632: result: yes
configure:2661: checking whether make supports nested variables
configure:2678: result: yes
configure:2865: checking for g++
configure:2881: found /bin/g++
configure:2892: result: g++
configure:2919: checking for C++ compiler version
configure:2928: g++ --version >&5
g++ (GCC) 7.2.0
Copyright (C) 2017 Free Software Foundation, Inc.
This is free software; see the source for copying conditions.  There is NO
warranty; not even for MERCHANTABILITY or FITNESS FOR A PARTICULAR PURPOSE.

configure:2939: $? = 0
configure:2928: g++ -v >&5
Using built-in specs.
COLLECT_GCC=g++
COLLECT_LTO_WRAPPER=/usr/lib/gcc/x86_64-pc-linux-gnu/7.2.0/lto-wrapper
Target: x86_64-pc-linux-gnu
Configured with: /build/gcc/src/gcc/configure --prefix=/usr --libdir=/usr/lib --libexecdir=/usr/lib --mandir=/usr/share/man --infodir=/usr/share/info --with-bugurl=https://bugs.archlinux.org/ --enable-languages=c,c++,ada,fortran,go,lto,objc,obj-c++ --enable-shared --enable-threads=posix --enable-libmpx --with-system-zlib --with-isl --enable-__cxa_atexit --disable-libunwind-exceptions --enable-clocale=gnu --disable-libstdcxx-pch --disable-libssp --enable-gnu-unique-object --enable-linker-build-id --enable-lto --enable-plugin --enable-install-libiberty --with-linker-hash-style=gnu --enable-gnu-indirect-function --disable-multilib --disable-werror --enable-checking=release --enable-default-pie --enable-default-ssp
Thread model: posix
gcc version 7.2.0 (GCC) 
configure:2939: $? = 0
configure:2928: g++ -V >&5
g++: error: unrecognized command line option '-V'
g++: fatal error: no input files
compilation terminated.
configure:2939: $? = 1
configure:2928: g++ -qversion >&5
g++: error: unrecognized command line option '-qversion'; did you mean '--version'?
g++: fatal error: no input files
compilation terminated.
configure:2939: $? = 1
configure:2959: checking whether the C++ compiler works
configure:2981: g++    conftest.cpp  >&5
configure:2985: $? = 0
configure:3033: result: yes
configure:3036: checking for C++ compiler default output file name
configure:3038: result: a.out
configure:3044: checking for suffix of executables
configure:3051: g++ -o conftest    conftest.cpp  >&5
configure:3055: $? = 0
configure:3077: result: 
configure:3099: checking whether we are cross compiling
configure:3107: g++ -o conftest    conftest.cpp  >&5
configure:3111: $? = 0
configure:3118: ./conftest
configure:3122: $? = 0
configure:3137: result: no
configure:3142: checking for suffix of object files
configure:3164: g++ -c   conftest.cpp >&5
configure:3168: $? = 0
configure:3189: result: o
configure:3193: checking whether we are using the GNU C++ compiler
configure:3212: g++ -c   conftest.cpp >&5
configure:3212: $? = 0
configure:3221: result: yes
configure:3230: checking whether g++ accepts -g
configure:3250: g++ -c -g  conftest.cpp >&5
configure:3250: $? = 0
configure:3291: result: yes
configure:3325: checking for style of include used by make
configure:3353: result: GNU
configure:3379: checking dependency style of g++
configure:3490: result: gcc3
configure:3554: checking for ranlib
configure:3570: found /bin/ranlib
configure:3581: result: ranlib
configure:3651: checking for gcc
configure:3667: found /bin/gcc
configure:3678: result: gcc
configure:3907: checking for C compiler version
configure:3916: gcc --version >&5
gcc (GCC) 7.2.0
Copyright (C) 2017 Free Software Foundation, Inc.
This is free software; see the source for copying conditions.  There is NO
warranty; not even for MERCHANTABILITY or FITNESS FOR A PARTICULAR PURPOSE.

configure:3927: $? = 0
configure:3916: gcc -v >&5
Using built-in specs.
COLLECT_GCC=gcc
COLLECT_LTO_WRAPPER=/usr/lib/gcc/x86_64-pc-linux-gnu/7.2.0/lto-wrapper
Target: x86_64-pc-linux-gnu
Configured with: /build/gcc/src/gcc/configure --prefix=/usr --libdir=/usr/lib --libexecdir=/usr/lib --mandir=/usr/share/man --infodir=/usr/share/info --with-bugurl=https://bugs.archlinux.org/ --enable-languages=c,c++,ada,fortran,go,lto,objc,obj-c++ --enable-shared --enable-threads=posix --enable-libmpx --with-system-zlib --with-isl --enable-__cxa_atexit --disable-libunwind-exceptions --enable-clocale=gnu --disable-libstdcxx-pch --disable-libssp --enable-gnu-unique-object --enable-linker-build-id --enable-lto --enable-plugin --enable-install-libiberty --with-linker-hash-style=gnu --enable-gnu-indirect-function --disable-multilib --disable-werror --enable-checking=release --enable-default-pie --enable-default-ssp
Thread model: posix
gcc version 7.2.0 (GCC) 
configure:3927: $? = 0
configure:3916: gcc -V >&5
gcc: error: unrecognized command line option '-V'
gcc: fatal error: no input files
compilation terminated.
configure:3927: $? = 1
configure:3916: gcc -qversion >&5
gcc: error: unrecognized command line option '-qversion'; did you mean '--version'?
gcc: fatal error: no input files
compilation terminated.
configure:3927: $? = 1
configure:3931: checking whether we are using the GNU C compiler
configure:3950: gcc -c   conftest.c >&5
configure:3950: $? = 0
configure:3959: result: yes
configure:3968: checking whether gcc accepts -g
configure:3988: gcc -c -g  conftest.c >&5
configure:3988: $? = 0
configure:4029: result: yes
configure:4046: checking for gcc option to accept ISO C89
configure:4109: gcc  -c -g -O2  conftest.c >&5
configure:4109: $? = 0
configure:4122: result: none needed
configure:4147: checking whether gcc understands -c and -o together
configure:4169: gcc -c conftest.c -o conftest2.o
configure:4172: $? = 0
configure:4169: gcc -c conftest.c -o conftest2.o
configure:4172: $? = 0
configure:4184: result: yes
configure:4203: checking dependency style of gcc
configure:4314: result: gcc3
configure:4379: checking for ar
configure:4395: found /bin/ar
configure:4406: result: ar
configure:4432: checking the archiver (ar) interface
configure:4448: gcc -c -g -O2  conftest.c >&5
configure:4448: $? = 0
configure:4450: ar cru libconftest.a conftest.o >&5
ar: `u' modifier ignored since `D' is the default (see `U')
configure:4453: $? = 0
configure:4481: result: ar
configure:4504: checking for pthread_create in -lpthread
configure:4529: g++ -o conftest -g -O2   conftest.cpp -lpthread   >&5
configure:4529: $? = 0
configure:4538: result: yes
configure:4554: checking how to run the C++ preprocessor
configure:4581: g++ -E  conftest.cpp
configure:4581: $? = 0
configure:4595: g++ -E  conftest.cpp
conftest.cpp:11:10: fatal error: ac_nonexistent.h: No such file or directory
 #include <ac_nonexistent.h>
          ^~~~~~~~~~~~~~~~~~
compilation terminated.
configure:4595: $? = 1
configure: failed program was:
| /* confdefs.h */
| #define PACKAGE_NAME "i2pouiservice"
| #define PACKAGE_TARNAME "i2pouiservice"
| #define PACKAGE_VERSION "1.0"
| #define PACKAGE_STRING "i2pouiservice 1.0"
| #define PACKAGE_BUGREPORT "vmon@riseup.net"
| #define PACKAGE_URL ""
| #define PACKAGE "i2pouiservice"
| #define VERSION "1.0"
| /* end confdefs.h.  */
| #include <ac_nonexistent.h>
configure:4620: result: g++ -E
configure:4640: g++ -E  conftest.cpp
configure:4640: $? = 0
configure:4654: g++ -E  conftest.cpp
conftest.cpp:11:10: fatal error: ac_nonexistent.h: No such file or directory
 #include <ac_nonexistent.h>
          ^~~~~~~~~~~~~~~~~~
compilation terminated.
configure:4654: $? = 1
configure: failed program was:
| /* confdefs.h */
| #define PACKAGE_NAME "i2pouiservice"
| #define PACKAGE_TARNAME "i2pouiservice"
| #define PACKAGE_VERSION "1.0"
| #define PACKAGE_STRING "i2pouiservice 1.0"
| #define PACKAGE_BUGREPORT "vmon@riseup.net"
| #define PACKAGE_URL ""
| #define PACKAGE "i2pouiservice"
| #define VERSION "1.0"
| /* end confdefs.h.  */
| #include <ac_nonexistent.h>
configure:4683: checking for grep that handles long lines and -e
configure:4741: result: /bin/grep
configure:4746: checking for egrep
configure:4808: result: /bin/grep -E
configure:4813: checking for ANSI C header files
configure:4833: g++ -c -g -O2  conftest.cpp >&5
configure:4833: $? = 0
configure:4906: g++ -o conftest -g -O2   conftest.cpp  >&5
configure:4906: $? = 0
configure:4906: ./conftest
configure:4906: $? = 0
configure:4917: result: yes
configure:4930: checking for sys/types.h
configure:4930: g++ -c -g -O2  conftest.cpp >&5
configure:4930: $? = 0
configure:4930: result: yes
configure:4930: checking for sys/stat.h
configure:4930: g++ -c -g -O2  conftest.cpp >&5
configure:4930: $? = 0
configure:4930: result: yes
configure:4930: checking for stdlib.h
configure:4930: g++ -c -g -O2  conftest.cpp >&5
configure:4930: $? = 0
configure:4930: result: yes
configure:4930: checking for string.h
configure:4930: g++ -c -g -O2  conftest.cpp >&5
configure:4930: $? = 0
configure:4930: result: yes
configure:4930: checking for memory.h
configure:4930: g++ -c -g -O2  conftest.cpp >&5
configure:4930: $? = 0
configure:4930: result: yes
configure:4930: checking for strings.h
configure:4930: g++ -c -g -O2  conftest.cpp >&5
configure:4930: $? = 0
configure:4930: result: yes
configure:4930: checking for inttypes.h
configure:4930: g++ -c -g -O2  conftest.cpp >&5
configure:4930: $? = 0
configure:4930: result: yes
configure:4930: checking for stdint.h
configure:4930: g++ -c -g -O2  conftest.cpp >&5
configure:4930: $? = 0
configure:4930: result: yes
configure:4930: checking for unistd.h
configure:4930: g++ -c -g -O2  conftest.cpp >&5
configure:4930: $? = 0
configure:4930: result: yes
configure:4945: checking for stdlib.h
configure:4945: result: yes
configure:4945: checking for unistd.h
configure:4945: result: yes
configure:4961: checking for stdlib.h
configure:4961: result: yes
configure:4971: checking for GNU libc compatible malloc
configure:4995: g++ -o conftest -g -O2   conftest.cpp  >&5
configure:4995: $? = 0
configure:4995: ./conftest
configure:4995: $? = 0
configure:5005: result: yes
configure:5028: checking for sqrt
configure:5028: g++ -o conftest -g -O2   conftest.cpp  >&5
conftest.cpp:48:6: warning: declaration of 'char sqrt()' conflicts with built-in declaration 'double sqrt(double)' [-Wbuiltin-declaration-mismatch]
 char sqrt ();
      ^~~~
configure:5028: $? = 0
configure:5028: result: yes
configure:5184: checking that generated files are newer than configure
configure:5190: result: done
configure:5217: creating ./config.status

## ---------------- ##
## Cache variables. ##
## ---------------- ##

ac_cv_c_compiler_gnu=yes
ac_cv_cxx_compiler_gnu=yes
ac_cv_env_CCC_set=
ac_cv_env_CCC_value=
ac_cv_env_CC_set=
ac_cv_env_CC_value=
ac_cv_env_CFLAGS_set=
ac_cv_env_CFLAGS_value=
ac_cv_env_CPPFLAGS_set=
ac_cv_env_CPPFLAGS_value=
ac_cv_env_CXXCPP_set=
ac_cv_env_CXXCPP_value=
ac_cv_env_CXXFLAGS_set=
ac_cv_env_CXXFLAGS_value=
ac_cv_env_CXX_set=
ac_cv_env_CXX_value=
ac_cv_env_LDFLAGS_set=
ac_cv_env_LDFLAGS_value=
ac_cv_env_LIBS_set=
ac_cv_env_LIBS_value=
ac_cv_env_build_alias_set=
ac_cv_env_build_alias_value=
ac_cv_env_host_alias_set=
ac_cv_env_host_alias_value=
ac_cv_env_target_alias_set=
ac_cv_env_target_alias_value=
ac_cv_func_malloc_0_nonnull=yes
ac_cv_func_sqrt=yes
ac_cv_header_inttypes_h=yes
ac_cv_header_memory_h=yes
ac_cv_header_stdc=yes
ac_cv_header_stdint_h=yes
ac_cv_header_stdlib_h=yes
ac_cv_header_string_h=yes
ac_cv_header_strings_h=yes
ac_cv_header_sys_stat_h=yes
ac_cv_header_sys_types_h=yes
ac_cv_header_unistd_h=yes
ac_cv_lib_pthread_pthread_create=yes
ac_cv_objext=o
ac_cv_path_EGREP='/bin/grep -E'
ac_cv_path_GREP=/bin/grep
ac_cv_path_install='/bin/install -c'
ac_cv_path_mkdir=/bin/mkdir
ac_cv_prog_AWK=gawk
ac_cv_prog_CXXCPP='g++ -E'
ac_cv_prog_ac_ct_AR=ar
ac_cv_prog_ac_ct_CC=gcc
ac_cv_prog_ac_ct_CXX=g++
ac_cv_prog_ac_ct_RANLIB=ranlib
ac_cv_prog_cc_c89=
ac_cv_prog_cc_g=yes
ac_cv_prog_cxx_g=yes
ac_cv_prog_make_make_set=yes
am_cv_CC_dependencies_compiler_type=gcc3
am_cv_CXX_dependencies_compiler_type=gcc3
am_cv_ar_interface=ar
am_cv_make_support_nested_variables=yes
am_cv_prog_cc_c_o=yes

## ----------------- ##
## Output variables. ##
## ----------------- ##

ACLOCAL='${SHELL} /home/klaymen/doc/code/i2pouiservice/missing aclocal-1.15'
AMDEPBACKSLASH='\'
AMDEP_FALSE='#'
AMDEP_TRUE=''
AMTAR='$${TAR-tar}'
AM_BACKSLASH='\'
AM_DEFAULT_V='$(AM_DEFAULT_VERBOSITY)'
AM_DEFAULT_VERBOSITY='1'
AM_V='$(V)'
AR='ar'
AUTOCONF='${SHELL} /home/klaymen/doc/code/i2pouiservice/missing autoconf'
AUTOHEADER='${SHELL} /home/klaymen/doc/code/i2pouiservice/missing autoheader'
AUTOMAKE='${SHELL} /home/klaymen/doc/code/i2pouiservice/missing automake-1.15'
AWK='gawk'
CC='gcc'
CCDEPMODE='depmode=gcc3'
CFLAGS='-g -O2'
CPPFLAGS=''
CXX='g++'
CXXCPP='g++ -E'
CXXDEPMODE='depmode=gcc3'
CXXFLAGS='-g -O2'
CYGPATH_W='echo'
DEFS='-DPACKAGE_NAME=\"i2pouiservice\" -DPACKAGE_TARNAME=\"i2pouiservice\" -DPACKAGE_VERSION=\"1.0\" -DPACKAGE_STRING=\"i2pouiservice\ 1.0\" -DPACKAGE_BUGREPORT=\"vmon@riseup.net\" -DPACKAGE_URL=\"\" -DPACKAGE=\"i2pouiservice\" -DVERSION=\"1.0\" -DSTDC_HEADERS=1 -DHAVE_SYS_TYPES_H=1 -DHAVE_SYS_STAT_H=1 -DHAVE_STDLIB_H=1 -DHAVE_STRING_H=1 -DHAVE_MEMORY_H=1 -DHAVE_STRINGS_H=1 -DHAVE_INTTYPES_H=1 -DHAVE_STDINT_H=1 -DHAVE_UNISTD_H=1 -DHAVE_STDLIB_H=1 -DHAVE_UNISTD_H=1 -DHAVE_STDLIB_H=1 -DHAVE_MALLOC=1 -DHAVE_SQRT=1'
DEPDIR='.deps'
ECHO_C=''
ECHO_N='-n'
ECHO_T=''
EGREP='/bin/grep -E'
EXEEXT=''
GREP='/bin/grep'
INSTALL_DATA='${INSTALL} -m 644'
INSTALL_PROGRAM='${INSTALL}'
INSTALL_SCRIPT='${INSTALL}'
INSTALL_STRIP_PROGRAM='$(install_sh) -c -s'
LDFLAGS=''
LIBOBJS=''
LIBS=''
LTLIBOBJS=''
MAKEINFO='${SHELL} /home/klaymen/doc/code/i2pouiservice/missing makeinfo'
MKDIR_P='/bin/mkdir -p'
OBJEXT='o'
PACKAGE='i2pouiservice'
PACKAGE_BUGREPORT='vmon@riseup.net'
PACKAGE_NAME='i2pouiservice'
PACKAGE_STRING='i2pouiservice 1.0'
PACKAGE_TARNAME='i2pouiservice'
PACKAGE_URL=''
PACKAGE_VERSION='1.0'
PATH_SEPARATOR=':'
PTHREAD='-lpthread'
RANLIB='ranlib'
SET_MAKE=''
SHELL='/bin/sh'
STRIP=''
VERSION='1.0'
ac_ct_AR='ar'
ac_ct_CC='gcc'
ac_ct_CXX='g++'
am__EXEEXT_FALSE=''
am__EXEEXT_TRUE='#'
am__fastdepCC_FALSE='#'
am__fastdepCC_TRUE=''
am__fastdepCXX_FALSE='#'
am__fastdepCXX_TRUE=''
am__include='include'
am__isrc=''
am__leading_dot='.'
am__nodep='_no'
am__quote=''
am__tar='$${TAR-tar} chof - "$$tardir"'
am__untar='$${TAR-tar} xf -'
bindir='${exec_prefix}/bin'
build_alias=''
datadir='${datarootdir}'
datarootdir='${prefix}/share'
docdir='${datarootdir}/doc/${PACKAGE_TARNAME}'
dvidir='${docdir}'
exec_prefix='${prefix}'
host_alias=''
htmldir='${docdir}'
includedir='${prefix}/include'
infodir='${datarootdir}/info'
install_sh='${SHELL} /home/klaymen/doc/code/i2pouiservice/install-sh'
libdir='${exec_prefix}/lib'
libexecdir='${exec_prefix}/libexec'
localedir='${datarootdir}/locale'
localstatedir='${prefix}/var'
mandir='${datarootdir}/man'
mkdir_p='$(MKDIR_P)'
oldincludedir='/usr/include'
pdfdir='${docdir}'
prefix='/usr/local'
program_transform_name='s,x,x,'
psdir='${docdir}'
sbindir='${exec_prefix}/sbin'
sharedstatedir='${prefix}/com'
sysconfdir='${prefix}/etc'
target_alias=''

## ----------- ##
## confdefs.h. ##
## ----------- ##

/* confdefs.h */
#define PACKAGE_NAME "i2pouiservice"
#define PACKAGE_TARNAME "i2pouiservice"
#define PACKAGE_VERSION "1.0"
#define PACKAGE_STRING "i2pouiservice 1.0"
#define PACKAGE_BUGREPORT "vmon@riseup.net"
#define PACKAGE_URL ""
#define PACKAGE "i2pouiservice"
#define VERSION "1.0"
#define STDC_HEADERS 1
#define HAVE_SYS_TYPES_H 1
#define HAVE_SYS_STAT_H 1
#define HAVE_STDLIB_H 1
#define HAVE_STRING_H 1
#define HAVE_MEMORY_H 1
#define HAVE_STRINGS_H 1
#define HAVE_INTTYPES_H 1
#define HAVE_STDINT_H 1
#define HAVE_UNISTD_H 1
#define HAVE_STDLIB_H 1
#define HAVE_UNISTD_H 1
#define HAVE_STDLIB_H 1
#define HAVE_MALLOC 1
#define HAVE_SQRT 1

configure: exit 0

## ---------------------- ##
## Running config.status. ##
## ---------------------- ##

This file was extended by i2pouiservice config.status 1.0, which was
generated by GNU Autoconf 2.69.  Invocation command line was

  CONFIG_FILES    = 
  CONFIG_HEADERS  = 
  CONFIG_LINKS    = 
  CONFIG_COMMANDS = 
  $ ./config.status 

on willie

config.status:789: creating Makefile
config.status:789: creating src/Makefile
config.status:789: creating example/Makefile
config.status:961: executing depfiles commands
